<?xml version="1.0" encoding="UTF-8"?>
<!-- Generated by org.testng.reporters.JUnitXMLReporter -->
<testsuite ignored="0" hostname="LAPTOP-3BL16AQ1" failures="0" tests="6" name="Test" time="38.304" errors="0" timestamp="2023-09-19T19:59:29 IST">
  <testcase classname="TestNg.LoginToOrangeHRM_Edge" name="enterUsername" time="1.692"/>
  <testcase classname="TestNg.LoginToOrangeHRM" name="enterUsername" time="6.776"/>
  <testcase classname="TestNg.LoginToOrangeHRM_Edge" name="enterPassword" time="6.101"/>
  <testcase classname="TestNg.LoginToOrangeHRM" name="enterPassword" time="3.329"/>
  <testcase classname="TestNg.LoginToOrangeHRM_Edge" name="clickLogin" time="2.039"/>
  <testcase classname="TestNg.LoginToOrangeHRM" name="clickLogin" time="4.88"/>
</testsuite> <!-- Test -->
