<?xml version="1.0" encoding="UTF-8"?>
<testng-results ignored="0" total="6" passed="6" failed="0" skipped="0">
  <reporter-output>
  </reporter-output>
  <suite started-at="2023-09-25T19:48:27 IST" name="Default suite" finished-at="2023-09-25T19:48:46 IST" duration-ms="18586">
    <groups>
    </groups>
    <test started-at="2023-09-25T19:48:27 IST" name="Default test" finished-at="2023-09-25T19:48:46 IST" duration-ms="18586">
      <class name="Tests.LoginAndLogoutTest">
        <test-method is-config="true" signature="launchBrowser()[pri:0, instance:Tests.LoginAndLogoutTest@175c2241]" started-at="2023-09-25T19:48:06 IST" name="launchBrowser" finished-at="2023-09-25T19:48:27 IST" duration-ms="20536" status="PASS">
          <reporter-output>
          </reporter-output>
        </test-method> <!-- launchBrowser -->
        <test-method is-config="true" signature="maximizeBriwser()[pri:0, instance:Tests.LoginAndLogoutTest@175c2241]" started-at="2023-09-25T19:48:27 IST" name="maximizeBriwser" finished-at="2023-09-25T19:48:28 IST" duration-ms="480" status="PASS">
          <reporter-output>
          </reporter-output>
        </test-method> <!-- maximizeBriwser -->
        <test-method is-config="true" signature="launchURL()[pri:0, instance:Tests.LoginAndLogoutTest@175c2241]" started-at="2023-09-25T19:48:28 IST" name="launchURL" finished-at="2023-09-25T19:48:31 IST" duration-ms="3285" status="PASS">
          <reporter-output>
          </reporter-output>
        </test-method> <!-- launchURL -->
        <test-method is-config="true" signature="wait1()[pri:0, instance:Tests.LoginAndLogoutTest@175c2241]" started-at="2023-09-25T19:48:31 IST" name="wait1" finished-at="2023-09-25T19:48:31 IST" duration-ms="21" status="PASS">
          <reporter-output>
          </reporter-output>
        </test-method> <!-- wait1 -->
        <test-method signature="enterUsername()[pri:1, instance:Tests.LoginAndLogoutTest@175c2241]" started-at="2023-09-25T19:48:31 IST" name="enterUsername" finished-at="2023-09-25T19:48:33 IST" duration-ms="1604" status="PASS">
          <reporter-output>
          </reporter-output>
        </test-method> <!-- enterUsername -->
        <test-method is-config="true" signature="wait2()[pri:0, instance:Tests.LoginAndLogoutTest@175c2241]" started-at="2023-09-25T19:48:33 IST" name="wait2" finished-at="2023-09-25T19:48:33 IST" duration-ms="66" status="PASS">
          <reporter-output>
          </reporter-output>
        </test-method> <!-- wait2 -->
        <test-method is-config="true" signature="wait1()[pri:0, instance:Tests.LoginAndLogoutTest@175c2241]" started-at="2023-09-25T19:48:33 IST" name="wait1" finished-at="2023-09-25T19:48:33 IST" duration-ms="21" status="PASS">
          <reporter-output>
          </reporter-output>
        </test-method> <!-- wait1 -->
        <test-method signature="enterPassword()[pri:2, instance:Tests.LoginAndLogoutTest@175c2241]" started-at="2023-09-25T19:48:33 IST" name="enterPassword" finished-at="2023-09-25T19:48:34 IST" duration-ms="1101" status="PASS">
          <reporter-output>
          </reporter-output>
        </test-method> <!-- enterPassword -->
        <test-method is-config="true" signature="wait2()[pri:0, instance:Tests.LoginAndLogoutTest@175c2241]" started-at="2023-09-25T19:48:34 IST" name="wait2" finished-at="2023-09-25T19:48:34 IST" duration-ms="266" status="PASS">
          <reporter-output>
          </reporter-output>
        </test-method> <!-- wait2 -->
        <test-method is-config="true" signature="wait1()[pri:0, instance:Tests.LoginAndLogoutTest@175c2241]" started-at="2023-09-25T19:48:34 IST" name="wait1" finished-at="2023-09-25T19:48:34 IST" duration-ms="102" status="PASS">
          <reporter-output>
          </reporter-output>
        </test-method> <!-- wait1 -->
        <test-method signature="clickLogin()[pri:3, instance:Tests.LoginAndLogoutTest@175c2241]" started-at="2023-09-25T19:48:34 IST" name="clickLogin" finished-at="2023-09-25T19:48:36 IST" duration-ms="1936" status="PASS">
          <reporter-output>
          </reporter-output>
        </test-method> <!-- clickLogin -->
        <test-method is-config="true" signature="wait2()[pri:0, instance:Tests.LoginAndLogoutTest@175c2241]" started-at="2023-09-25T19:48:36 IST" name="wait2" finished-at="2023-09-25T19:48:36 IST" duration-ms="38" status="PASS">
          <reporter-output>
          </reporter-output>
        </test-method> <!-- wait2 -->
        <test-method is-config="true" signature="wait1()[pri:0, instance:Tests.LoginAndLogoutTest@175c2241]" started-at="2023-09-25T19:48:36 IST" name="wait1" finished-at="2023-09-25T19:48:36 IST" duration-ms="17" status="PASS">
          <reporter-output>
          </reporter-output>
        </test-method> <!-- wait1 -->
        <test-method signature="clickAdmin()[pri:4, instance:Tests.LoginAndLogoutTest@175c2241]" started-at="2023-09-25T19:48:36 IST" name="clickAdmin" finished-at="2023-09-25T19:48:41 IST" duration-ms="4427" status="PASS">
          <reporter-output>
          </reporter-output>
        </test-method> <!-- clickAdmin -->
        <test-method is-config="true" signature="wait2()[pri:0, instance:Tests.LoginAndLogoutTest@175c2241]" started-at="2023-09-25T19:48:41 IST" name="wait2" finished-at="2023-09-25T19:48:41 IST" duration-ms="11" status="PASS">
          <reporter-output>
          </reporter-output>
        </test-method> <!-- wait2 -->
        <test-method is-config="true" signature="wait1()[pri:0, instance:Tests.LoginAndLogoutTest@175c2241]" started-at="2023-09-25T19:48:41 IST" name="wait1" finished-at="2023-09-25T19:48:41 IST" duration-ms="18" status="PASS">
          <reporter-output>
          </reporter-output>
        </test-method> <!-- wait1 -->
        <test-method signature="clickUsersTab()[pri:5, instance:Tests.LoginAndLogoutTest@175c2241]" started-at="2023-09-25T19:48:41 IST" name="clickUsersTab" finished-at="2023-09-25T19:48:43 IST" duration-ms="2045" status="PASS">
          <reporter-output>
          </reporter-output>
        </test-method> <!-- clickUsersTab -->
        <test-method is-config="true" signature="wait2()[pri:0, instance:Tests.LoginAndLogoutTest@175c2241]" started-at="2023-09-25T19:48:43 IST" name="wait2" finished-at="2023-09-25T19:48:43 IST" duration-ms="98" status="PASS">
          <reporter-output>
          </reporter-output>
        </test-method> <!-- wait2 -->
        <test-method is-config="true" signature="wait1()[pri:0, instance:Tests.LoginAndLogoutTest@175c2241]" started-at="2023-09-25T19:48:43 IST" name="wait1" finished-at="2023-09-25T19:48:43 IST" duration-ms="14" status="PASS">
          <reporter-output>
          </reporter-output>
        </test-method> <!-- wait1 -->
        <test-method signature="logout()[pri:6, instance:Tests.LoginAndLogoutTest@175c2241]" started-at="2023-09-25T19:48:43 IST" name="logout" finished-at="2023-09-25T19:48:46 IST" duration-ms="2817" status="PASS">
          <reporter-output>
          </reporter-output>
        </test-method> <!-- logout -->
        <test-method is-config="true" signature="wait2()[pri:0, instance:Tests.LoginAndLogoutTest@175c2241]" started-at="2023-09-25T19:48:46 IST" name="wait2" finished-at="2023-09-25T19:48:46 IST" duration-ms="38" status="PASS">
          <reporter-output>
          </reporter-output>
        </test-method> <!-- wait2 -->
        <test-method is-config="true" signature="closeBrowser()[pri:0, instance:Tests.LoginAndLogoutTest@175c2241]" started-at="2023-09-25T19:48:46 IST" name="closeBrowser" finished-at="2023-09-25T19:48:46 IST" duration-ms="9" status="PASS">
          <reporter-output>
          </reporter-output>
        </test-method> <!-- closeBrowser -->
      </class> <!-- Tests.LoginAndLogoutTest -->
    </test> <!-- Default test -->
  </suite> <!-- Default suite -->
</testng-results>
