<?xml version="1.0" encoding="UTF-8"?>
<!-- Generated by org.testng.reporters.JUnitXMLReporter -->
<testsuite ignored="0" hostname="LAPTOP-3BL16AQ1" failures="0" tests="6" name="Default test" time="18.586" errors="0" timestamp="2023-09-25T19:48:46 IST">
  <testcase classname="Tests.LoginAndLogoutTest" name="enterUsername" time="1.604"/>
  <testcase classname="Tests.LoginAndLogoutTest" name="enterPassword" time="1.101"/>
  <testcase classname="Tests.LoginAndLogoutTest" name="clickLogin" time="1.936"/>
  <testcase classname="Tests.LoginAndLogoutTest" name="clickAdmin" time="4.427"/>
  <testcase classname="Tests.LoginAndLogoutTest" name="clickUsersTab" time="2.045"/>
  <testcase classname="Tests.LoginAndLogoutTest" name="logout" time="2.817"/>
</testsuite> <!-- Default test -->
